::1 - - [01/Mar/2022:12:54:43 +0000] "GET / HTTP/1.1" 302 68 "http://localhost:3800/user/signin" "Mozilla/5.0 (Windows NT 10.0; Win64; x64) AppleWebKit/537.36 (KHTML, like Gecko) Chrome/98.0.4758.102 Safari/537.36"
::1 - - [01/Mar/2022:12:54:43 +0000] "GET /user/signin HTTP/1.1" 304 - "http://localhost:3800/user/signin" "Mozilla/5.0 (Windows NT 10.0; Win64; x64) AppleWebKit/537.36 (KHTML, like Gecko) Chrome/98.0.4758.102 Safari/537.36"
::1 - - [01/Mar/2022:12:54:43 +0000] "GET /CSS/user_signin.css HTTP/1.1" 200 - "http://localhost:3800/user/signin" "Mozilla/5.0 (Windows NT 10.0; Win64; x64) AppleWebKit/537.36 (KHTML, like Gecko) Chrome/98.0.4758.102 Safari/537.36"
::1 - - [01/Mar/2022:12:54:50 +0000] "POST /user/create-session HTTP/1.1" 302 46 "http://localhost:3800/user/signin" "Mozilla/5.0 (Windows NT 10.0; Win64; x64) AppleWebKit/537.36 (KHTML, like Gecko) Chrome/98.0.4758.102 Safari/537.36"
::1 - - [01/Mar/2022:12:54:50 +0000] "GET / HTTP/1.1" 200 8037 "http://localhost:3800/user/signin" "Mozilla/5.0 (Windows NT 10.0; Win64; x64) AppleWebKit/537.36 (KHTML, like Gecko) Chrome/98.0.4758.102 Safari/537.36"
::1 - - [01/Mar/2022:12:54:50 +0000] "GET /JS/home.js HTTP/1.1" 304 - "http://localhost:3800/" "Mozilla/5.0 (Windows NT 10.0; Win64; x64) AppleWebKit/537.36 (KHTML, like Gecko) Chrome/98.0.4758.102 Safari/537.36"
::1 - - [01/Mar/2022:12:54:50 +0000] "GET /CSS/home.css HTTP/1.1" 200 - "http://localhost:3800/" "Mozilla/5.0 (Windows NT 10.0; Win64; x64) AppleWebKit/537.36 (KHTML, like Gecko) Chrome/98.0.4758.102 Safari/537.36"
::1 - - [01/Mar/2022:12:54:50 +0000] "GET /Images/Todo.jpg HTTP/1.1" 304 - "http://localhost:3800/CSS/home.css" "Mozilla/5.0 (Windows NT 10.0; Win64; x64) AppleWebKit/537.36 (KHTML, like Gecko) Chrome/98.0.4758.102 Safari/537.36"
::1 - - [01/Mar/2022:13:07:59 +0000] "POST /add/info HTTP/1.1" 302 88 "http://localhost:3800/" "Mozilla/5.0 (Windows NT 10.0; Win64; x64) AppleWebKit/537.36 (KHTML, like Gecko) Chrome/98.0.4758.102 Safari/537.36"
::1 - - [01/Mar/2022:13:07:59 +0000] "GET / HTTP/1.1" 200 9328 "http://localhost:3800/" "Mozilla/5.0 (Windows NT 10.0; Win64; x64) AppleWebKit/537.36 (KHTML, like Gecko) Chrome/98.0.4758.102 Safari/537.36"
::1 - - [01/Mar/2022:13:07:59 +0000] "GET /JS/home.js HTTP/1.1" 304 - "http://localhost:3800/" "Mozilla/5.0 (Windows NT 10.0; Win64; x64) AppleWebKit/537.36 (KHTML, like Gecko) Chrome/98.0.4758.102 Safari/537.36"
::1 - - [01/Mar/2022:13:07:59 +0000] "GET /CSS/home.css HTTP/1.1" 200 3998 "http://localhost:3800/" "Mozilla/5.0 (Windows NT 10.0; Win64; x64) AppleWebKit/537.36 (KHTML, like Gecko) Chrome/98.0.4758.102 Safari/537.36"
::1 - - [01/Mar/2022:13:07:59 +0000] "GET /Images/Todo.jpg HTTP/1.1" 304 - "http://localhost:3800/CSS/home.css" "Mozilla/5.0 (Windows NT 10.0; Win64; x64) AppleWebKit/537.36 (KHTML, like Gecko) Chrome/98.0.4758.102 Safari/537.36"
::1 - - [03/Mar/2022:02:41:39 +0000] "GET / HTTP/1.1" 302 68 "-" "Mozilla/5.0 (Windows NT 10.0; Win64; x64) AppleWebKit/537.36 (KHTML, like Gecko) Chrome/98.0.4758.102 Safari/537.36"
::1 - - [03/Mar/2022:02:41:39 +0000] "GET /user/signin HTTP/1.1" 304 - "-" "Mozilla/5.0 (Windows NT 10.0; Win64; x64) AppleWebKit/537.36 (KHTML, like Gecko) Chrome/98.0.4758.102 Safari/537.36"
::1 - - [03/Mar/2022:02:41:39 +0000] "GET /CSS/user_signin.css HTTP/1.1" 200 - "http://localhost:3800/user/signin" "Mozilla/5.0 (Windows NT 10.0; Win64; x64) AppleWebKit/537.36 (KHTML, like Gecko) Chrome/98.0.4758.102 Safari/537.36"
::1 - - [03/Mar/2022:02:41:39 +0000] "GET /favicon.ico HTTP/1.1" 404 150 "http://localhost:3800/user/signin" "Mozilla/5.0 (Windows NT 10.0; Win64; x64) AppleWebKit/537.36 (KHTML, like Gecko) Chrome/98.0.4758.102 Safari/537.36"
::1 - - [03/Mar/2022:02:41:46 +0000] "GET / HTTP/1.1" 302 68 "http://localhost:3800/user/signin" "Mozilla/5.0 (Windows NT 10.0; Win64; x64) AppleWebKit/537.36 (KHTML, like Gecko) Chrome/98.0.4758.102 Safari/537.36"
::1 - - [03/Mar/2022:02:41:46 +0000] "POST /user/create-session HTTP/1.1" 302 46 "http://localhost:3800/user/signin" "Mozilla/5.0 (Windows NT 10.0; Win64; x64) AppleWebKit/537.36 (KHTML, like Gecko) Chrome/98.0.4758.102 Safari/537.36"
::1 - - [03/Mar/2022:02:41:46 +0000] "GET /user/signin HTTP/1.1" 302 46 "http://localhost:3800/user/signin" "Mozilla/5.0 (Windows NT 10.0; Win64; x64) AppleWebKit/537.36 (KHTML, like Gecko) Chrome/98.0.4758.102 Safari/537.36"
::1 - - [03/Mar/2022:02:41:46 +0000] "GET / HTTP/1.1" 200 9328 "http://localhost:3800/user/signin" "Mozilla/5.0 (Windows NT 10.0; Win64; x64) AppleWebKit/537.36 (KHTML, like Gecko) Chrome/98.0.4758.102 Safari/537.36"
::1 - - [03/Mar/2022:02:41:46 +0000] "GET /JS/home.js HTTP/1.1" 304 - "http://localhost:3800/" "Mozilla/5.0 (Windows NT 10.0; Win64; x64) AppleWebKit/537.36 (KHTML, like Gecko) Chrome/98.0.4758.102 Safari/537.36"
::1 - - [03/Mar/2022:02:41:46 +0000] "GET /CSS/home.css HTTP/1.1" 200 - "http://localhost:3800/" "Mozilla/5.0 (Windows NT 10.0; Win64; x64) AppleWebKit/537.36 (KHTML, like Gecko) Chrome/98.0.4758.102 Safari/537.36"
::1 - - [03/Mar/2022:02:41:46 +0000] "GET /Images/Todo.jpg HTTP/1.1" 304 - "http://localhost:3800/CSS/home.css" "Mozilla/5.0 (Windows NT 10.0; Win64; x64) AppleWebKit/537.36 (KHTML, like Gecko) Chrome/98.0.4758.102 Safari/537.36"
::1 - - [03/Mar/2022:02:54:17 +0000] "POST /add/info HTTP/1.1" 302 88 "http://localhost:3800/" "Mozilla/5.0 (Windows NT 10.0; Win64; x64) AppleWebKit/537.36 (KHTML, like Gecko) Chrome/98.0.4758.102 Safari/537.36"
::1 - - [03/Mar/2022:02:54:17 +0000] "GET / HTTP/1.1" 200 10597 "http://localhost:3800/" "Mozilla/5.0 (Windows NT 10.0; Win64; x64) AppleWebKit/537.36 (KHTML, like Gecko) Chrome/98.0.4758.102 Safari/537.36"
::1 - - [03/Mar/2022:02:54:17 +0000] "GET /JS/home.js HTTP/1.1" 304 - "http://localhost:3800/" "Mozilla/5.0 (Windows NT 10.0; Win64; x64) AppleWebKit/537.36 (KHTML, like Gecko) Chrome/98.0.4758.102 Safari/537.36"
::1 - - [03/Mar/2022:02:54:17 +0000] "GET /CSS/home.css HTTP/1.1" 200 - "http://localhost:3800/" "Mozilla/5.0 (Windows NT 10.0; Win64; x64) AppleWebKit/537.36 (KHTML, like Gecko) Chrome/98.0.4758.102 Safari/537.36"
::1 - - [03/Mar/2022:02:54:17 +0000] "GET /Images/Todo.jpg HTTP/1.1" 304 - "http://localhost:3800/CSS/home.css" "Mozilla/5.0 (Windows NT 10.0; Win64; x64) AppleWebKit/537.36 (KHTML, like Gecko) Chrome/98.0.4758.102 Safari/537.36"
::1 - - [03/Mar/2022:02:54:28 +0000] "POST /delete/info HTTP/1.1" 302 88 "http://localhost:3800/" "Mozilla/5.0 (Windows NT 10.0; Win64; x64) AppleWebKit/537.36 (KHTML, like Gecko) Chrome/98.0.4758.102 Safari/537.36"
::1 - - [03/Mar/2022:02:54:28 +0000] "GET / HTTP/1.1" 304 - "http://localhost:3800/" "Mozilla/5.0 (Windows NT 10.0; Win64; x64) AppleWebKit/537.36 (KHTML, like Gecko) Chrome/98.0.4758.102 Safari/537.36"
::1 - - [03/Mar/2022:02:54:28 +0000] "GET /JS/home.js HTTP/1.1" 304 - "http://localhost:3800/" "Mozilla/5.0 (Windows NT 10.0; Win64; x64) AppleWebKit/537.36 (KHTML, like Gecko) Chrome/98.0.4758.102 Safari/537.36"
::1 - - [03/Mar/2022:02:54:28 +0000] "GET /CSS/home.css HTTP/1.1" 200 3998 "http://localhost:3800/" "Mozilla/5.0 (Windows NT 10.0; Win64; x64) AppleWebKit/537.36 (KHTML, like Gecko) Chrome/98.0.4758.102 Safari/537.36"
::1 - - [03/Mar/2022:02:54:29 +0000] "GET /Images/Todo.jpg HTTP/1.1" 304 - "http://localhost:3800/CSS/home.css" "Mozilla/5.0 (Windows NT 10.0; Win64; x64) AppleWebKit/537.36 (KHTML, like Gecko) Chrome/98.0.4758.102 Safari/537.36"
::1 - - [03/Mar/2022:02:54:38 +0000] "POST /delete/info HTTP/1.1" 302 88 "http://localhost:3800/" "Mozilla/5.0 (Windows NT 10.0; Win64; x64) AppleWebKit/537.36 (KHTML, like Gecko) Chrome/98.0.4758.102 Safari/537.36"
::1 - - [03/Mar/2022:02:54:38 +0000] "GET / HTTP/1.1" 200 6745 "http://localhost:3800/" "Mozilla/5.0 (Windows NT 10.0; Win64; x64) AppleWebKit/537.36 (KHTML, like Gecko) Chrome/98.0.4758.102 Safari/537.36"
::1 - - [03/Mar/2022:02:54:38 +0000] "GET /JS/home.js HTTP/1.1" 304 - "http://localhost:3800/" "Mozilla/5.0 (Windows NT 10.0; Win64; x64) AppleWebKit/537.36 (KHTML, like Gecko) Chrome/98.0.4758.102 Safari/537.36"
::1 - - [03/Mar/2022:02:54:38 +0000] "GET /CSS/home.css HTTP/1.1" 304 - "http://localhost:3800/" "Mozilla/5.0 (Windows NT 10.0; Win64; x64) AppleWebKit/537.36 (KHTML, like Gecko) Chrome/98.0.4758.102 Safari/537.36"
::1 - - [03/Mar/2022:02:54:38 +0000] "GET /Images/Todo.jpg HTTP/1.1" 304 - "http://localhost:3800/CSS/home.css" "Mozilla/5.0 (Windows NT 10.0; Win64; x64) AppleWebKit/537.36 (KHTML, like Gecko) Chrome/98.0.4758.102 Safari/537.36"
::1 - - [03/Mar/2022:02:55:45 +0000] "POST /add/info HTTP/1.1" 302 88 "http://localhost:3800/" "Mozilla/5.0 (Windows NT 10.0; Win64; x64) AppleWebKit/537.36 (KHTML, like Gecko) Chrome/98.0.4758.102 Safari/537.36"
::1 - - [03/Mar/2022:02:55:46 +0000] "GET / HTTP/1.1" 200 8033 "http://localhost:3800/" "Mozilla/5.0 (Windows NT 10.0; Win64; x64) AppleWebKit/537.36 (KHTML, like Gecko) Chrome/98.0.4758.102 Safari/537.36"
::1 - - [03/Mar/2022:02:55:46 +0000] "GET /JS/home.js HTTP/1.1" 304 - "http://localhost:3800/" "Mozilla/5.0 (Windows NT 10.0; Win64; x64) AppleWebKit/537.36 (KHTML, like Gecko) Chrome/98.0.4758.102 Safari/537.36"
::1 - - [03/Mar/2022:02:55:46 +0000] "GET /CSS/home.css HTTP/1.1" 200 - "http://localhost:3800/" "Mozilla/5.0 (Windows NT 10.0; Win64; x64) AppleWebKit/537.36 (KHTML, like Gecko) Chrome/98.0.4758.102 Safari/537.36"
::1 - - [03/Mar/2022:02:55:46 +0000] "GET /Images/Todo.jpg HTTP/1.1" 304 - "http://localhost:3800/CSS/home.css" "Mozilla/5.0 (Windows NT 10.0; Win64; x64) AppleWebKit/537.36 (KHTML, like Gecko) Chrome/98.0.4758.102 Safari/537.36"
::1 - - [03/Mar/2022:02:55:56 +0000] "POST /add/info HTTP/1.1" 302 88 "http://localhost:3800/" "Mozilla/5.0 (Windows NT 10.0; Win64; x64) AppleWebKit/537.36 (KHTML, like Gecko) Chrome/98.0.4758.102 Safari/537.36"
::1 - - [03/Mar/2022:02:55:56 +0000] "GET / HTTP/1.1" 200 9330 "http://localhost:3800/" "Mozilla/5.0 (Windows NT 10.0; Win64; x64) AppleWebKit/537.36 (KHTML, like Gecko) Chrome/98.0.4758.102 Safari/537.36"
::1 - - [03/Mar/2022:02:55:56 +0000] "GET /JS/home.js HTTP/1.1" 304 - "http://localhost:3800/" "Mozilla/5.0 (Windows NT 10.0; Win64; x64) AppleWebKit/537.36 (KHTML, like Gecko) Chrome/98.0.4758.102 Safari/537.36"
::1 - - [03/Mar/2022:02:55:56 +0000] "GET /CSS/home.css HTTP/1.1" 200 3998 "http://localhost:3800/" "Mozilla/5.0 (Windows NT 10.0; Win64; x64) AppleWebKit/537.36 (KHTML, like Gecko) Chrome/98.0.4758.102 Safari/537.36"
::1 - - [03/Mar/2022:02:55:56 +0000] "GET /Images/Todo.jpg HTTP/1.1" 304 - "http://localhost:3800/CSS/home.css" "Mozilla/5.0 (Windows NT 10.0; Win64; x64) AppleWebKit/537.36 (KHTML, like Gecko) Chrome/98.0.4758.102 Safari/537.36"
::1 - - [03/Mar/2022:02:56:08 +0000] "POST /add/info HTTP/1.1" 302 88 "http://localhost:3800/" "Mozilla/5.0 (Windows NT 10.0; Win64; x64) AppleWebKit/537.36 (KHTML, like Gecko) Chrome/98.0.4758.102 Safari/537.36"
::1 - - [03/Mar/2022:02:56:08 +0000] "GET / HTTP/1.1" 200 10627 "http://localhost:3800/" "Mozilla/5.0 (Windows NT 10.0; Win64; x64) AppleWebKit/537.36 (KHTML, like Gecko) Chrome/98.0.4758.102 Safari/537.36"
::1 - - [03/Mar/2022:02:56:08 +0000] "GET /JS/home.js HTTP/1.1" 304 - "http://localhost:3800/" "Mozilla/5.0 (Windows NT 10.0; Win64; x64) AppleWebKit/537.36 (KHTML, like Gecko) Chrome/98.0.4758.102 Safari/537.36"
::1 - - [03/Mar/2022:02:56:08 +0000] "GET /CSS/home.css HTTP/1.1" 304 - "http://localhost:3800/" "Mozilla/5.0 (Windows NT 10.0; Win64; x64) AppleWebKit/537.36 (KHTML, like Gecko) Chrome/98.0.4758.102 Safari/537.36"
::1 - - [03/Mar/2022:02:56:08 +0000] "GET /Images/Todo.jpg HTTP/1.1" 304 - "http://localhost:3800/CSS/home.css" "Mozilla/5.0 (Windows NT 10.0; Win64; x64) AppleWebKit/537.36 (KHTML, like Gecko) Chrome/98.0.4758.102 Safari/537.36"
::1 - - [03/Mar/2022:02:56:15 +0000] "POST /delete/info HTTP/1.1" 302 88 "http://localhost:3800/" "Mozilla/5.0 (Windows NT 10.0; Win64; x64) AppleWebKit/537.36 (KHTML, like Gecko) Chrome/98.0.4758.102 Safari/537.36"
::1 - - [03/Mar/2022:02:56:15 +0000] "GET / HTTP/1.1" 200 6745 "http://localhost:3800/" "Mozilla/5.0 (Windows NT 10.0; Win64; x64) AppleWebKit/537.36 (KHTML, like Gecko) Chrome/98.0.4758.102 Safari/537.36"
::1 - - [03/Mar/2022:02:56:15 +0000] "GET /JS/home.js HTTP/1.1" 304 - "http://localhost:3800/" "Mozilla/5.0 (Windows NT 10.0; Win64; x64) AppleWebKit/537.36 (KHTML, like Gecko) Chrome/98.0.4758.102 Safari/537.36"
::1 - - [03/Mar/2022:02:56:15 +0000] "GET /CSS/home.css HTTP/1.1" 304 - "http://localhost:3800/" "Mozilla/5.0 (Windows NT 10.0; Win64; x64) AppleWebKit/537.36 (KHTML, like Gecko) Chrome/98.0.4758.102 Safari/537.36"
::1 - - [03/Mar/2022:02:56:15 +0000] "GET /Images/Todo.jpg HTTP/1.1" 304 - "http://localhost:3800/CSS/home.css" "Mozilla/5.0 (Windows NT 10.0; Win64; x64) AppleWebKit/537.36 (KHTML, like Gecko) Chrome/98.0.4758.102 Safari/537.36"
::1 - - [03/Mar/2022:02:57:37 +0000] "POST /add/info HTTP/1.1" 302 88 "http://localhost:3800/" "Mozilla/5.0 (Windows NT 10.0; Win64; x64) AppleWebKit/537.36 (KHTML, like Gecko) Chrome/98.0.4758.102 Safari/537.36"
::1 - - [03/Mar/2022:02:57:37 +0000] "GET / HTTP/1.1" 200 8041 "http://localhost:3800/" "Mozilla/5.0 (Windows NT 10.0; Win64; x64) AppleWebKit/537.36 (KHTML, like Gecko) Chrome/98.0.4758.102 Safari/537.36"
::1 - - [03/Mar/2022:02:57:37 +0000] "GET /JS/home.js HTTP/1.1" 304 - "http://localhost:3800/" "Mozilla/5.0 (Windows NT 10.0; Win64; x64) AppleWebKit/537.36 (KHTML, like Gecko) Chrome/98.0.4758.102 Safari/537.36"
::1 - - [03/Mar/2022:02:57:37 +0000] "GET /CSS/home.css HTTP/1.1" 200 - "http://localhost:3800/" "Mozilla/5.0 (Windows NT 10.0; Win64; x64) AppleWebKit/537.36 (KHTML, like Gecko) Chrome/98.0.4758.102 Safari/537.36"
::1 - - [03/Mar/2022:02:57:37 +0000] "GET /Images/Todo.jpg HTTP/1.1" 304 - "http://localhost:3800/CSS/home.css" "Mozilla/5.0 (Windows NT 10.0; Win64; x64) AppleWebKit/537.36 (KHTML, like Gecko) Chrome/98.0.4758.102 Safari/537.36"
::1 - - [03/Mar/2022:02:57:48 +0000] "POST /add/info HTTP/1.1" 302 88 "http://localhost:3800/" "Mozilla/5.0 (Windows NT 10.0; Win64; x64) AppleWebKit/537.36 (KHTML, like Gecko) Chrome/98.0.4758.102 Safari/537.36"
::1 - - [03/Mar/2022:02:57:48 +0000] "GET / HTTP/1.1" 200 9333 "http://localhost:3800/" "Mozilla/5.0 (Windows NT 10.0; Win64; x64) AppleWebKit/537.36 (KHTML, like Gecko) Chrome/98.0.4758.102 Safari/537.36"
::1 - - [03/Mar/2022:02:57:48 +0000] "GET /JS/home.js HTTP/1.1" 304 - "http://localhost:3800/" "Mozilla/5.0 (Windows NT 10.0; Win64; x64) AppleWebKit/537.36 (KHTML, like Gecko) Chrome/98.0.4758.102 Safari/537.36"
::1 - - [03/Mar/2022:02:57:48 +0000] "GET /CSS/home.css HTTP/1.1" 200 3998 "http://localhost:3800/" "Mozilla/5.0 (Windows NT 10.0; Win64; x64) AppleWebKit/537.36 (KHTML, like Gecko) Chrome/98.0.4758.102 Safari/537.36"
::1 - - [03/Mar/2022:02:57:48 +0000] "GET /Images/Todo.jpg HTTP/1.1" 304 - "http://localhost:3800/CSS/home.css" "Mozilla/5.0 (Windows NT 10.0; Win64; x64) AppleWebKit/537.36 (KHTML, like Gecko) Chrome/98.0.4758.102 Safari/537.36"
::1 - - [03/Mar/2022:02:58:02 +0000] "POST /add/info HTTP/1.1" 302 88 "http://localhost:3800/" "Mozilla/5.0 (Windows NT 10.0; Win64; x64) AppleWebKit/537.36 (KHTML, like Gecko) Chrome/98.0.4758.102 Safari/537.36"
::1 - - [03/Mar/2022:02:58:02 +0000] "GET / HTTP/1.1" 200 10629 "http://localhost:3800/" "Mozilla/5.0 (Windows NT 10.0; Win64; x64) AppleWebKit/537.36 (KHTML, like Gecko) Chrome/98.0.4758.102 Safari/537.36"
::1 - - [03/Mar/2022:02:58:02 +0000] "GET /JS/home.js HTTP/1.1" 304 - "http://localhost:3800/" "Mozilla/5.0 (Windows NT 10.0; Win64; x64) AppleWebKit/537.36 (KHTML, like Gecko) Chrome/98.0.4758.102 Safari/537.36"
::1 - - [03/Mar/2022:02:58:02 +0000] "GET /CSS/home.css HTTP/1.1" 304 - "http://localhost:3800/" "Mozilla/5.0 (Windows NT 10.0; Win64; x64) AppleWebKit/537.36 (KHTML, like Gecko) Chrome/98.0.4758.102 Safari/537.36"
::1 - - [03/Mar/2022:02:58:02 +0000] "GET /Images/Todo.jpg HTTP/1.1" 304 - "http://localhost:3800/CSS/home.css" "Mozilla/5.0 (Windows NT 10.0; Win64; x64) AppleWebKit/537.36 (KHTML, like Gecko) Chrome/98.0.4758.102 Safari/537.36"
::1 - - [03/Mar/2022:02:58:11 +0000] "POST /delete/info HTTP/1.1" 302 88 "http://localhost:3800/" "Mozilla/5.0 (Windows NT 10.0; Win64; x64) AppleWebKit/537.36 (KHTML, like Gecko) Chrome/98.0.4758.102 Safari/537.36"
::1 - - [03/Mar/2022:02:58:11 +0000] "GET / HTTP/1.1" 200 6745 "http://localhost:3800/" "Mozilla/5.0 (Windows NT 10.0; Win64; x64) AppleWebKit/537.36 (KHTML, like Gecko) Chrome/98.0.4758.102 Safari/537.36"
::1 - - [03/Mar/2022:02:58:11 +0000] "GET /JS/home.js HTTP/1.1" 304 - "http://localhost:3800/" "Mozilla/5.0 (Windows NT 10.0; Win64; x64) AppleWebKit/537.36 (KHTML, like Gecko) Chrome/98.0.4758.102 Safari/537.36"
::1 - - [03/Mar/2022:02:58:11 +0000] "GET /CSS/home.css HTTP/1.1" 304 - "http://localhost:3800/" "Mozilla/5.0 (Windows NT 10.0; Win64; x64) AppleWebKit/537.36 (KHTML, like Gecko) Chrome/98.0.4758.102 Safari/537.36"
::1 - - [03/Mar/2022:02:58:11 +0000] "GET /Images/Todo.jpg HTTP/1.1" 304 - "http://localhost:3800/CSS/home.css" "Mozilla/5.0 (Windows NT 10.0; Win64; x64) AppleWebKit/537.36 (KHTML, like Gecko) Chrome/98.0.4758.102 Safari/537.36"
::1 - - [03/Mar/2022:09:38:38 +0000] "GET / HTTP/1.1" 302 68 "-" "Mozilla/5.0 (Windows NT 10.0; Win64; x64) AppleWebKit/537.36 (KHTML, like Gecko) Chrome/98.0.4758.102 Safari/537.36"
::1 - - [03/Mar/2022:09:38:38 +0000] "GET /user/signin HTTP/1.1" 200 1116 "-" "Mozilla/5.0 (Windows NT 10.0; Win64; x64) AppleWebKit/537.36 (KHTML, like Gecko) Chrome/98.0.4758.102 Safari/537.36"
::1 - - [03/Mar/2022:09:38:39 +0000] "GET /CSS/user_signin.css HTTP/1.1" 200 - "http://localhost:3800/user/signin" "Mozilla/5.0 (Windows NT 10.0; Win64; x64) AppleWebKit/537.36 (KHTML, like Gecko) Chrome/98.0.4758.102 Safari/537.36"
::1 - - [03/Mar/2022:09:38:39 +0000] "GET /favicon.ico HTTP/1.1" 404 150 "http://localhost:3800/user/signin" "Mozilla/5.0 (Windows NT 10.0; Win64; x64) AppleWebKit/537.36 (KHTML, like Gecko) Chrome/98.0.4758.102 Safari/537.36"
::1 - - [03/Mar/2022:09:38:44 +0000] "GET / HTTP/1.1" 302 68 "http://localhost:3800/user/signin" "Mozilla/5.0 (Windows NT 10.0; Win64; x64) AppleWebKit/537.36 (KHTML, like Gecko) Chrome/98.0.4758.102 Safari/537.36"
::1 - - [03/Mar/2022:09:38:45 +0000] "GET /user/signin HTTP/1.1" 304 - "http://localhost:3800/user/signin" "Mozilla/5.0 (Windows NT 10.0; Win64; x64) AppleWebKit/537.36 (KHTML, like Gecko) Chrome/98.0.4758.102 Safari/537.36"
::1 - - [03/Mar/2022:09:38:45 +0000] "GET /CSS/user_signin.css HTTP/1.1" 200 774 "http://localhost:3800/user/signin" "Mozilla/5.0 (Windows NT 10.0; Win64; x64) AppleWebKit/537.36 (KHTML, like Gecko) Chrome/98.0.4758.102 Safari/537.36"
::1 - - [03/Mar/2022:09:38:45 +0000] "POST /user/create-session HTTP/1.1" 302 46 "http://localhost:3800/user/signin" "Mozilla/5.0 (Windows NT 10.0; Win64; x64) AppleWebKit/537.36 (KHTML, like Gecko) Chrome/98.0.4758.102 Safari/537.36"
::1 - - [03/Mar/2022:09:38:50 +0000] "POST /user/create-session HTTP/1.1" 302 46 "http://localhost:3800/user/signin" "Mozilla/5.0 (Windows NT 10.0; Win64; x64) AppleWebKit/537.36 (KHTML, like Gecko) Chrome/98.0.4758.102 Safari/537.36"
::1 - - [03/Mar/2022:09:38:50 +0000] "GET / HTTP/1.1" 200 6745 "http://localhost:3800/user/signin" "Mozilla/5.0 (Windows NT 10.0; Win64; x64) AppleWebKit/537.36 (KHTML, like Gecko) Chrome/98.0.4758.102 Safari/537.36"
::1 - - [03/Mar/2022:09:38:51 +0000] "GET /JS/home.js HTTP/1.1" 304 - "http://localhost:3800/" "Mozilla/5.0 (Windows NT 10.0; Win64; x64) AppleWebKit/537.36 (KHTML, like Gecko) Chrome/98.0.4758.102 Safari/537.36"
::1 - - [03/Mar/2022:09:38:51 +0000] "GET /CSS/home.css HTTP/1.1" 200 - "http://localhost:3800/" "Mozilla/5.0 (Windows NT 10.0; Win64; x64) AppleWebKit/537.36 (KHTML, like Gecko) Chrome/98.0.4758.102 Safari/537.36"
::1 - - [03/Mar/2022:09:38:51 +0000] "GET /Images/Todo.jpg HTTP/1.1" 304 - "http://localhost:3800/CSS/home.css" "Mozilla/5.0 (Windows NT 10.0; Win64; x64) AppleWebKit/537.36 (KHTML, like Gecko) Chrome/98.0.4758.102 Safari/537.36"
::1 - - [03/Mar/2022:15:59:52 +0000] "GET / HTTP/1.1" 302 68 "-" "Mozilla/5.0 (Windows NT 10.0; Win64; x64) AppleWebKit/537.36 (KHTML, like Gecko) Chrome/98.0.4758.102 Safari/537.36"
::1 - - [03/Mar/2022:15:59:52 +0000] "GET /user/signin HTTP/1.1" 304 - "-" "Mozilla/5.0 (Windows NT 10.0; Win64; x64) AppleWebKit/537.36 (KHTML, like Gecko) Chrome/98.0.4758.102 Safari/537.36"
::1 - - [03/Mar/2022:15:59:52 +0000] "GET /CSS/user_signin.css HTTP/1.1" 200 - "http://localhost:3800/user/signin" "Mozilla/5.0 (Windows NT 10.0; Win64; x64) AppleWebKit/537.36 (KHTML, like Gecko) Chrome/98.0.4758.102 Safari/537.36"
::1 - - [03/Mar/2022:15:59:53 +0000] "GET /favicon.ico HTTP/1.1" 404 150 "http://localhost:3800/user/signin" "Mozilla/5.0 (Windows NT 10.0; Win64; x64) AppleWebKit/537.36 (KHTML, like Gecko) Chrome/98.0.4758.102 Safari/537.36"
::1 - - [03/Mar/2022:15:59:58 +0000] "POST /user/create-session HTTP/1.1" 302 46 "http://localhost:3800/user/signin" "Mozilla/5.0 (Windows NT 10.0; Win64; x64) AppleWebKit/537.36 (KHTML, like Gecko) Chrome/98.0.4758.102 Safari/537.36"
::1 - - [03/Mar/2022:15:59:58 +0000] "GET / HTTP/1.1" 200 6745 "http://localhost:3800/user/signin" "Mozilla/5.0 (Windows NT 10.0; Win64; x64) AppleWebKit/537.36 (KHTML, like Gecko) Chrome/98.0.4758.102 Safari/537.36"
::1 - - [03/Mar/2022:15:59:58 +0000] "GET /JS/home.js HTTP/1.1" 304 - "http://localhost:3800/" "Mozilla/5.0 (Windows NT 10.0; Win64; x64) AppleWebKit/537.36 (KHTML, like Gecko) Chrome/98.0.4758.102 Safari/537.36"
::1 - - [03/Mar/2022:15:59:58 +0000] "GET /CSS/home.css HTTP/1.1" 200 - "http://localhost:3800/" "Mozilla/5.0 (Windows NT 10.0; Win64; x64) AppleWebKit/537.36 (KHTML, like Gecko) Chrome/98.0.4758.102 Safari/537.36"
::1 - - [03/Mar/2022:15:59:58 +0000] "GET /Images/Todo.jpg HTTP/1.1" 304 - "http://localhost:3800/CSS/home.css" "Mozilla/5.0 (Windows NT 10.0; Win64; x64) AppleWebKit/537.36 (KHTML, like Gecko) Chrome/98.0.4758.102 Safari/537.36"
::1 - - [03/Mar/2022:16:01:11 +0000] "GET / HTTP/1.1" 200 8019 "http://localhost:3800/user/signin" "Mozilla/5.0 (Windows NT 10.0; Win64; x64) AppleWebKit/537.36 (KHTML, like Gecko) Chrome/98.0.4758.102 Safari/537.36"
::1 - - [03/Mar/2022:16:01:11 +0000] "GET /JS/home.js HTTP/1.1" 304 - "http://localhost:3800/" "Mozilla/5.0 (Windows NT 10.0; Win64; x64) AppleWebKit/537.36 (KHTML, like Gecko) Chrome/98.0.4758.102 Safari/537.36"
::1 - - [03/Mar/2022:16:01:11 +0000] "GET /CSS/home.css HTTP/1.1" 200 - "http://localhost:3800/" "Mozilla/5.0 (Windows NT 10.0; Win64; x64) AppleWebKit/537.36 (KHTML, like Gecko) Chrome/98.0.4758.102 Safari/537.36"
::1 - - [03/Mar/2022:16:01:11 +0000] "GET /Images/Todo.jpg HTTP/1.1" 304 - "http://localhost:3800/CSS/home.css" "Mozilla/5.0 (Windows NT 10.0; Win64; x64) AppleWebKit/537.36 (KHTML, like Gecko) Chrome/98.0.4758.102 Safari/537.36"
::1 - - [03/Mar/2022:16:01:25 +0000] "POST /add/info HTTP/1.1" 302 88 "http://localhost:3800/" "Mozilla/5.0 (Windows NT 10.0; Win64; x64) AppleWebKit/537.36 (KHTML, like Gecko) Chrome/98.0.4758.102 Safari/537.36"
::1 - - [03/Mar/2022:16:01:25 +0000] "GET / HTTP/1.1" 200 9316 "http://localhost:3800/" "Mozilla/5.0 (Windows NT 10.0; Win64; x64) AppleWebKit/537.36 (KHTML, like Gecko) Chrome/98.0.4758.102 Safari/537.36"
::1 - - [03/Mar/2022:16:01:25 +0000] "GET /JS/home.js HTTP/1.1" 304 - "http://localhost:3800/" "Mozilla/5.0 (Windows NT 10.0; Win64; x64) AppleWebKit/537.36 (KHTML, like Gecko) Chrome/98.0.4758.102 Safari/537.36"
::1 - - [03/Mar/2022:16:01:25 +0000] "GET /CSS/home.css HTTP/1.1" 200 3998 "http://localhost:3800/" "Mozilla/5.0 (Windows NT 10.0; Win64; x64) AppleWebKit/537.36 (KHTML, like Gecko) Chrome/98.0.4758.102 Safari/537.36"
::1 - - [03/Mar/2022:16:01:25 +0000] "GET /Images/Todo.jpg HTTP/1.1" 304 - "http://localhost:3800/CSS/home.css" "Mozilla/5.0 (Windows NT 10.0; Win64; x64) AppleWebKit/537.36 (KHTML, like Gecko) Chrome/98.0.4758.102 Safari/537.36"
::1 - - [03/Mar/2022:16:01:32 +0000] "POST /delete/info HTTP/1.1" 302 88 "http://localhost:3800/" "Mozilla/5.0 (Windows NT 10.0; Win64; x64) AppleWebKit/537.36 (KHTML, like Gecko) Chrome/98.0.4758.102 Safari/537.36"
::1 - - [03/Mar/2022:16:01:32 +0000] "GET /JS/home.js HTTP/1.1" 304 - "http://localhost:3800/" "Mozilla/5.0 (Windows NT 10.0; Win64; x64) AppleWebKit/537.36 (KHTML, like Gecko) Chrome/98.0.4758.102 Safari/537.36"
::1 - - [03/Mar/2022:16:01:33 +0000] "GET /CSS/home.css HTTP/1.1" 304 - "http://localhost:3800/" "Mozilla/5.0 (Windows NT 10.0; Win64; x64) AppleWebKit/537.36 (KHTML, like Gecko) Chrome/98.0.4758.102 Safari/537.36"
::1 - - [03/Mar/2022:16:01:33 +0000] "GET /Images/Todo.jpg HTTP/1.1" 304 - "http://localhost:3800/CSS/home.css" "Mozilla/5.0 (Windows NT 10.0; Win64; x64) AppleWebKit/537.36 (KHTML, like Gecko) Chrome/98.0.4758.102 Safari/537.36"
::1 - - [03/Mar/2022:16:01:33 +0000] "GET / HTTP/1.1" 200 6727 "http://localhost:3800/" "Mozilla/5.0 (Windows NT 10.0; Win64; x64) AppleWebKit/537.36 (KHTML, like Gecko) Chrome/98.0.4758.102 Safari/537.36"
