::1 - - [04/Mar/2022:12:18:20 +0000] "GET / HTTP/1.1" 302 68 "-" "Mozilla/5.0 (Windows NT 10.0; Win64; x64) AppleWebKit/537.36 (KHTML, like Gecko) Chrome/98.0.4758.102 Safari/537.36"
::1 - - [04/Mar/2022:12:18:20 +0000] "GET /user/signin HTTP/1.1" 304 - "-" "Mozilla/5.0 (Windows NT 10.0; Win64; x64) AppleWebKit/537.36 (KHTML, like Gecko) Chrome/98.0.4758.102 Safari/537.36"
::1 - - [04/Mar/2022:12:18:21 +0000] "GET /CSS/user_signin.css HTTP/1.1" 200 - "http://localhost:3800/user/signin" "Mozilla/5.0 (Windows NT 10.0; Win64; x64) AppleWebKit/537.36 (KHTML, like Gecko) Chrome/98.0.4758.102 Safari/537.36"
::1 - - [04/Mar/2022:12:18:22 +0000] "GET /favicon.ico HTTP/1.1" 404 150 "http://localhost:3800/user/signin" "Mozilla/5.0 (Windows NT 10.0; Win64; x64) AppleWebKit/537.36 (KHTML, like Gecko) Chrome/98.0.4758.102 Safari/537.36"
::1 - - [04/Mar/2022:12:18:31 +0000] "POST /user/create-session HTTP/1.1" 302 46 "http://localhost:3800/user/signin" "Mozilla/5.0 (Windows NT 10.0; Win64; x64) AppleWebKit/537.36 (KHTML, like Gecko) Chrome/98.0.4758.102 Safari/537.36"
::1 - - [04/Mar/2022:12:18:31 +0000] "GET / HTTP/1.1" 302 68 "http://localhost:3800/user/signin" "Mozilla/5.0 (Windows NT 10.0; Win64; x64) AppleWebKit/537.36 (KHTML, like Gecko) Chrome/98.0.4758.102 Safari/537.36"
::1 - - [04/Mar/2022:12:18:31 +0000] "GET /user/signin HTTP/1.1" 302 46 "http://localhost:3800/user/signin" "Mozilla/5.0 (Windows NT 10.0; Win64; x64) AppleWebKit/537.36 (KHTML, like Gecko) Chrome/98.0.4758.102 Safari/537.36"
::1 - - [04/Mar/2022:12:18:31 +0000] "GET / HTTP/1.1" 200 5453 "http://localhost:3800/user/signin" "Mozilla/5.0 (Windows NT 10.0; Win64; x64) AppleWebKit/537.36 (KHTML, like Gecko) Chrome/98.0.4758.102 Safari/537.36"
::1 - - [04/Mar/2022:12:18:31 +0000] "GET /JS/home.js HTTP/1.1" 304 - "http://localhost:3800/" "Mozilla/5.0 (Windows NT 10.0; Win64; x64) AppleWebKit/537.36 (KHTML, like Gecko) Chrome/98.0.4758.102 Safari/537.36"
::1 - - [04/Mar/2022:12:18:31 +0000] "GET /CSS/home.css HTTP/1.1" 200 - "http://localhost:3800/" "Mozilla/5.0 (Windows NT 10.0; Win64; x64) AppleWebKit/537.36 (KHTML, like Gecko) Chrome/98.0.4758.102 Safari/537.36"
::1 - - [04/Mar/2022:12:18:31 +0000] "GET /Images/Todo.jpg HTTP/1.1" 304 - "http://localhost:3800/CSS/home.css" "Mozilla/5.0 (Windows NT 10.0; Win64; x64) AppleWebKit/537.36 (KHTML, like Gecko) Chrome/98.0.4758.102 Safari/537.36"
::1 - - [04/Mar/2022:12:23:40 +0000] "POST /add/info HTTP/1.1" 302 88 "http://localhost:3800/" "Mozilla/5.0 (Windows NT 10.0; Win64; x64) AppleWebKit/537.36 (KHTML, like Gecko) Chrome/98.0.4758.102 Safari/537.36"
::1 - - [04/Mar/2022:12:23:40 +0000] "GET / HTTP/1.1" 200 6741 "http://localhost:3800/" "Mozilla/5.0 (Windows NT 10.0; Win64; x64) AppleWebKit/537.36 (KHTML, like Gecko) Chrome/98.0.4758.102 Safari/537.36"
::1 - - [04/Mar/2022:12:23:40 +0000] "GET /JS/home.js HTTP/1.1" 304 - "http://localhost:3800/" "Mozilla/5.0 (Windows NT 10.0; Win64; x64) AppleWebKit/537.36 (KHTML, like Gecko) Chrome/98.0.4758.102 Safari/537.36"
::1 - - [04/Mar/2022:12:23:40 +0000] "GET /CSS/home.css HTTP/1.1" 200 - "http://localhost:3800/" "Mozilla/5.0 (Windows NT 10.0; Win64; x64) AppleWebKit/537.36 (KHTML, like Gecko) Chrome/98.0.4758.102 Safari/537.36"
::1 - - [04/Mar/2022:12:23:40 +0000] "GET /Images/Todo.jpg HTTP/1.1" 304 - "http://localhost:3800/CSS/home.css" "Mozilla/5.0 (Windows NT 10.0; Win64; x64) AppleWebKit/537.36 (KHTML, like Gecko) Chrome/98.0.4758.102 Safari/537.36"
::1 - - [04/Mar/2022:12:31:20 +0000] "GET / HTTP/1.1" 304 - "http://localhost:3800/" "Mozilla/5.0 (Windows NT 10.0; Win64; x64) AppleWebKit/537.36 (KHTML, like Gecko) Chrome/98.0.4758.102 Safari/537.36"
::1 - - [04/Mar/2022:12:31:20 +0000] "GET /JS/home.js HTTP/1.1" 304 - "http://localhost:3800/" "Mozilla/5.0 (Windows NT 10.0; Win64; x64) AppleWebKit/537.36 (KHTML, like Gecko) Chrome/98.0.4758.102 Safari/537.36"
::1 - - [04/Mar/2022:12:31:20 +0000] "GET /CSS/home.css HTTP/1.1" 200 - "http://localhost:3800/" "Mozilla/5.0 (Windows NT 10.0; Win64; x64) AppleWebKit/537.36 (KHTML, like Gecko) Chrome/98.0.4758.102 Safari/537.36"
::1 - - [04/Mar/2022:12:31:20 +0000] "GET /Images/Todo.jpg HTTP/1.1" 304 - "http://localhost:3800/CSS/home.css" "Mozilla/5.0 (Windows NT 10.0; Win64; x64) AppleWebKit/537.36 (KHTML, like Gecko) Chrome/98.0.4758.102 Safari/537.36"
::1 - - [04/Mar/2022:12:31:42 +0000] "POST /add/info HTTP/1.1" 302 88 "http://localhost:3800/" "Mozilla/5.0 (Windows NT 10.0; Win64; x64) AppleWebKit/537.36 (KHTML, like Gecko) Chrome/98.0.4758.102 Safari/537.36"
::1 - - [04/Mar/2022:12:31:42 +0000] "GET / HTTP/1.1" 200 8038 "http://localhost:3800/" "Mozilla/5.0 (Windows NT 10.0; Win64; x64) AppleWebKit/537.36 (KHTML, like Gecko) Chrome/98.0.4758.102 Safari/537.36"
::1 - - [04/Mar/2022:12:31:42 +0000] "GET /JS/home.js HTTP/1.1" 304 - "http://localhost:3800/" "Mozilla/5.0 (Windows NT 10.0; Win64; x64) AppleWebKit/537.36 (KHTML, like Gecko) Chrome/98.0.4758.102 Safari/537.36"
::1 - - [04/Mar/2022:12:31:42 +0000] "GET /CSS/home.css HTTP/1.1" 200 3998 "http://localhost:3800/" "Mozilla/5.0 (Windows NT 10.0; Win64; x64) AppleWebKit/537.36 (KHTML, like Gecko) Chrome/98.0.4758.102 Safari/537.36"
::1 - - [04/Mar/2022:12:31:42 +0000] "GET /Images/Todo.jpg HTTP/1.1" 304 - "http://localhost:3800/CSS/home.css" "Mozilla/5.0 (Windows NT 10.0; Win64; x64) AppleWebKit/537.36 (KHTML, like Gecko) Chrome/98.0.4758.102 Safari/537.36"
::1 - - [04/Mar/2022:12:46:55 +0000] "GET / HTTP/1.1" 304 - "http://localhost:3800/" "Mozilla/5.0 (Windows NT 10.0; Win64; x64) AppleWebKit/537.36 (KHTML, like Gecko) Chrome/98.0.4758.102 Safari/537.36"
::1 - - [04/Mar/2022:12:46:55 +0000] "GET /JS/home.js HTTP/1.1" 304 - "http://localhost:3800/" "Mozilla/5.0 (Windows NT 10.0; Win64; x64) AppleWebKit/537.36 (KHTML, like Gecko) Chrome/98.0.4758.102 Safari/537.36"
::1 - - [04/Mar/2022:12:46:55 +0000] "GET /CSS/home.css HTTP/1.1" 200 - "http://localhost:3800/" "Mozilla/5.0 (Windows NT 10.0; Win64; x64) AppleWebKit/537.36 (KHTML, like Gecko) Chrome/98.0.4758.102 Safari/537.36"
::1 - - [04/Mar/2022:12:46:55 +0000] "GET /Images/Todo.jpg HTTP/1.1" 304 - "http://localhost:3800/CSS/home.css" "Mozilla/5.0 (Windows NT 10.0; Win64; x64) AppleWebKit/537.36 (KHTML, like Gecko) Chrome/98.0.4758.102 Safari/537.36"
::1 - - [04/Mar/2022:12:47:45 +0000] "GET / HTTP/1.1" 200 9313 "http://localhost:3800/" "Mozilla/5.0 (Windows NT 10.0; Win64; x64) AppleWebKit/537.36 (KHTML, like Gecko) Chrome/98.0.4758.102 Safari/537.36"
::1 - - [04/Mar/2022:12:47:45 +0000] "GET /JS/home.js HTTP/1.1" 304 - "http://localhost:3800/" "Mozilla/5.0 (Windows NT 10.0; Win64; x64) AppleWebKit/537.36 (KHTML, like Gecko) Chrome/98.0.4758.102 Safari/537.36"
::1 - - [04/Mar/2022:12:47:45 +0000] "GET /CSS/home.css HTTP/1.1" 200 - "http://localhost:3800/" "Mozilla/5.0 (Windows NT 10.0; Win64; x64) AppleWebKit/537.36 (KHTML, like Gecko) Chrome/98.0.4758.102 Safari/537.36"
::1 - - [04/Mar/2022:12:47:45 +0000] "GET /Images/Todo.jpg HTTP/1.1" 304 - "http://localhost:3800/CSS/home.css" "Mozilla/5.0 (Windows NT 10.0; Win64; x64) AppleWebKit/537.36 (KHTML, like Gecko) Chrome/98.0.4758.102 Safari/537.36"
::1 - - [04/Mar/2022:12:48:41 +0000] "POST /delete/info HTTP/1.1" 302 88 "http://localhost:3800/" "Mozilla/5.0 (Windows NT 10.0; Win64; x64) AppleWebKit/537.36 (KHTML, like Gecko) Chrome/98.0.4758.102 Safari/537.36"
::1 - - [04/Mar/2022:12:48:41 +0000] "GET / HTTP/1.1" 200 8024 "http://localhost:3800/" "Mozilla/5.0 (Windows NT 10.0; Win64; x64) AppleWebKit/537.36 (KHTML, like Gecko) Chrome/98.0.4758.102 Safari/537.36"
::1 - - [04/Mar/2022:12:48:41 +0000] "GET /JS/home.js HTTP/1.1" 304 - "http://localhost:3800/" "Mozilla/5.0 (Windows NT 10.0; Win64; x64) AppleWebKit/537.36 (KHTML, like Gecko) Chrome/98.0.4758.102 Safari/537.36"
::1 - - [04/Mar/2022:12:48:41 +0000] "GET /CSS/home.css HTTP/1.1" 200 - "http://localhost:3800/" "Mozilla/5.0 (Windows NT 10.0; Win64; x64) AppleWebKit/537.36 (KHTML, like Gecko) Chrome/98.0.4758.102 Safari/537.36"
::1 - - [04/Mar/2022:12:48:41 +0000] "GET /Images/Todo.jpg HTTP/1.1" 304 - "http://localhost:3800/CSS/home.css" "Mozilla/5.0 (Windows NT 10.0; Win64; x64) AppleWebKit/537.36 (KHTML, like Gecko) Chrome/98.0.4758.102 Safari/537.36"
::1 - - [04/Mar/2022:12:48:47 +0000] "POST /delete/info HTTP/1.1" 302 88 "http://localhost:3800/" "Mozilla/5.0 (Windows NT 10.0; Win64; x64) AppleWebKit/537.36 (KHTML, like Gecko) Chrome/98.0.4758.102 Safari/537.36"
::1 - - [04/Mar/2022:12:48:47 +0000] "GET / HTTP/1.1" 200 5453 "http://localhost:3800/" "Mozilla/5.0 (Windows NT 10.0; Win64; x64) AppleWebKit/537.36 (KHTML, like Gecko) Chrome/98.0.4758.102 Safari/537.36"
::1 - - [04/Mar/2022:12:48:47 +0000] "GET /JS/home.js HTTP/1.1" 304 - "http://localhost:3800/" "Mozilla/5.0 (Windows NT 10.0; Win64; x64) AppleWebKit/537.36 (KHTML, like Gecko) Chrome/98.0.4758.102 Safari/537.36"
::1 - - [04/Mar/2022:12:48:47 +0000] "GET /CSS/home.css HTTP/1.1" 200 3998 "http://localhost:3800/" "Mozilla/5.0 (Windows NT 10.0; Win64; x64) AppleWebKit/537.36 (KHTML, like Gecko) Chrome/98.0.4758.102 Safari/537.36"
::1 - - [04/Mar/2022:12:48:47 +0000] "GET /Images/Todo.jpg HTTP/1.1" 304 - "http://localhost:3800/CSS/home.css" "Mozilla/5.0 (Windows NT 10.0; Win64; x64) AppleWebKit/537.36 (KHTML, like Gecko) Chrome/98.0.4758.102 Safari/537.36"
::1 - - [04/Mar/2022:12:48:59 +0000] "POST /add/info HTTP/1.1" 302 88 "http://localhost:3800/" "Mozilla/5.0 (Windows NT 10.0; Win64; x64) AppleWebKit/537.36 (KHTML, like Gecko) Chrome/98.0.4758.102 Safari/537.36"
::1 - - [04/Mar/2022:12:49:00 +0000] "GET / HTTP/1.1" 200 6729 "http://localhost:3800/" "Mozilla/5.0 (Windows NT 10.0; Win64; x64) AppleWebKit/537.36 (KHTML, like Gecko) Chrome/98.0.4758.102 Safari/537.36"
::1 - - [04/Mar/2022:12:49:00 +0000] "GET /JS/home.js HTTP/1.1" 304 - "http://localhost:3800/" "Mozilla/5.0 (Windows NT 10.0; Win64; x64) AppleWebKit/537.36 (KHTML, like Gecko) Chrome/98.0.4758.102 Safari/537.36"
::1 - - [04/Mar/2022:12:49:00 +0000] "GET /CSS/home.css HTTP/1.1" 304 - "http://localhost:3800/" "Mozilla/5.0 (Windows NT 10.0; Win64; x64) AppleWebKit/537.36 (KHTML, like Gecko) Chrome/98.0.4758.102 Safari/537.36"
::1 - - [04/Mar/2022:12:49:00 +0000] "GET /Images/Todo.jpg HTTP/1.1" 304 - "http://localhost:3800/CSS/home.css" "Mozilla/5.0 (Windows NT 10.0; Win64; x64) AppleWebKit/537.36 (KHTML, like Gecko) Chrome/98.0.4758.102 Safari/537.36"
::1 - - [04/Mar/2022:12:50:59 +0000] "GET / HTTP/1.1" 304 - "http://localhost:3800/" "Mozilla/5.0 (Windows NT 10.0; Win64; x64) AppleWebKit/537.36 (KHTML, like Gecko) Chrome/98.0.4758.102 Safari/537.36"
::1 - - [04/Mar/2022:12:50:59 +0000] "GET /JS/home.js HTTP/1.1" 304 - "http://localhost:3800/" "Mozilla/5.0 (Windows NT 10.0; Win64; x64) AppleWebKit/537.36 (KHTML, like Gecko) Chrome/98.0.4758.102 Safari/537.36"
::1 - - [04/Mar/2022:12:50:59 +0000] "GET /CSS/home.css HTTP/1.1" 200 - "http://localhost:3800/" "Mozilla/5.0 (Windows NT 10.0; Win64; x64) AppleWebKit/537.36 (KHTML, like Gecko) Chrome/98.0.4758.102 Safari/537.36"
::1 - - [04/Mar/2022:12:50:59 +0000] "GET /Images/Todo.jpg HTTP/1.1" 304 - "http://localhost:3800/CSS/home.css" "Mozilla/5.0 (Windows NT 10.0; Win64; x64) AppleWebKit/537.36 (KHTML, like Gecko) Chrome/98.0.4758.102 Safari/537.36"
::1 - - [04/Mar/2022:12:51:13 +0000] "POST /add/info HTTP/1.1" 302 88 "http://localhost:3800/" "Mozilla/5.0 (Windows NT 10.0; Win64; x64) AppleWebKit/537.36 (KHTML, like Gecko) Chrome/98.0.4758.102 Safari/537.36"
::1 - - [04/Mar/2022:12:51:13 +0000] "GET / HTTP/1.1" 200 8021 "http://localhost:3800/" "Mozilla/5.0 (Windows NT 10.0; Win64; x64) AppleWebKit/537.36 (KHTML, like Gecko) Chrome/98.0.4758.102 Safari/537.36"
::1 - - [04/Mar/2022:12:51:13 +0000] "GET /JS/home.js HTTP/1.1" 304 - "http://localhost:3800/" "Mozilla/5.0 (Windows NT 10.0; Win64; x64) AppleWebKit/537.36 (KHTML, like Gecko) Chrome/98.0.4758.102 Safari/537.36"
::1 - - [04/Mar/2022:12:51:13 +0000] "GET /CSS/home.css HTTP/1.1" 200 3998 "http://localhost:3800/" "Mozilla/5.0 (Windows NT 10.0; Win64; x64) AppleWebKit/537.36 (KHTML, like Gecko) Chrome/98.0.4758.102 Safari/537.36"
::1 - - [04/Mar/2022:12:51:13 +0000] "GET /Images/Todo.jpg HTTP/1.1" 304 - "http://localhost:3800/CSS/home.css" "Mozilla/5.0 (Windows NT 10.0; Win64; x64) AppleWebKit/537.36 (KHTML, like Gecko) Chrome/98.0.4758.102 Safari/537.36"
::1 - - [04/Mar/2022:12:52:44 +0000] "POST /add/info HTTP/1.1" 302 88 "http://localhost:3800/" "Mozilla/5.0 (Windows NT 10.0; Win64; x64) AppleWebKit/537.36 (KHTML, like Gecko) Chrome/98.0.4758.102 Safari/537.36"
::1 - - [04/Mar/2022:12:52:44 +0000] "GET / HTTP/1.1" 200 9296 "http://localhost:3800/" "Mozilla/5.0 (Windows NT 10.0; Win64; x64) AppleWebKit/537.36 (KHTML, like Gecko) Chrome/98.0.4758.102 Safari/537.36"
::1 - - [04/Mar/2022:12:52:44 +0000] "GET /JS/home.js HTTP/1.1" 304 - "http://localhost:3800/" "Mozilla/5.0 (Windows NT 10.0; Win64; x64) AppleWebKit/537.36 (KHTML, like Gecko) Chrome/98.0.4758.102 Safari/537.36"
::1 - - [04/Mar/2022:12:52:44 +0000] "GET /CSS/home.css HTTP/1.1" 200 - "http://localhost:3800/" "Mozilla/5.0 (Windows NT 10.0; Win64; x64) AppleWebKit/537.36 (KHTML, like Gecko) Chrome/98.0.4758.102 Safari/537.36"
::1 - - [04/Mar/2022:12:52:44 +0000] "GET /Images/Todo.jpg HTTP/1.1" 304 - "http://localhost:3800/CSS/home.css" "Mozilla/5.0 (Windows NT 10.0; Win64; x64) AppleWebKit/537.36 (KHTML, like Gecko) Chrome/98.0.4758.102 Safari/537.36"
::1 - - [04/Mar/2022:12:54:47 +0000] "GET / HTTP/1.1" 304 - "http://localhost:3800/" "Mozilla/5.0 (Windows NT 10.0; Win64; x64) AppleWebKit/537.36 (KHTML, like Gecko) Chrome/98.0.4758.102 Safari/537.36"
::1 - - [04/Mar/2022:12:54:47 +0000] "GET /JS/home.js HTTP/1.1" 304 - "http://localhost:3800/" "Mozilla/5.0 (Windows NT 10.0; Win64; x64) AppleWebKit/537.36 (KHTML, like Gecko) Chrome/98.0.4758.102 Safari/537.36"
::1 - - [04/Mar/2022:12:54:47 +0000] "GET /CSS/home.css HTTP/1.1" 200 - "http://localhost:3800/" "Mozilla/5.0 (Windows NT 10.0; Win64; x64) AppleWebKit/537.36 (KHTML, like Gecko) Chrome/98.0.4758.102 Safari/537.36"
::1 - - [04/Mar/2022:12:54:47 +0000] "GET /Images/Todo.jpg HTTP/1.1" 304 - "http://localhost:3800/CSS/home.css" "Mozilla/5.0 (Windows NT 10.0; Win64; x64) AppleWebKit/537.36 (KHTML, like Gecko) Chrome/98.0.4758.102 Safari/537.36"
::1 - - [04/Mar/2022:12:55:00 +0000] "POST /add/info HTTP/1.1" 302 88 "http://localhost:3800/" "Mozilla/5.0 (Windows NT 10.0; Win64; x64) AppleWebKit/537.36 (KHTML, like Gecko) Chrome/98.0.4758.102 Safari/537.36"
::1 - - [04/Mar/2022:12:55:00 +0000] "GET / HTTP/1.1" 200 10572 "http://localhost:3800/" "Mozilla/5.0 (Windows NT 10.0; Win64; x64) AppleWebKit/537.36 (KHTML, like Gecko) Chrome/98.0.4758.102 Safari/537.36"
::1 - - [04/Mar/2022:12:55:00 +0000] "GET /JS/home.js HTTP/1.1" 304 - "http://localhost:3800/" "Mozilla/5.0 (Windows NT 10.0; Win64; x64) AppleWebKit/537.36 (KHTML, like Gecko) Chrome/98.0.4758.102 Safari/537.36"
::1 - - [04/Mar/2022:12:55:00 +0000] "GET /CSS/home.css HTTP/1.1" 200 3998 "http://localhost:3800/" "Mozilla/5.0 (Windows NT 10.0; Win64; x64) AppleWebKit/537.36 (KHTML, like Gecko) Chrome/98.0.4758.102 Safari/537.36"
::1 - - [04/Mar/2022:12:55:00 +0000] "GET /Images/Todo.jpg HTTP/1.1" 304 - "http://localhost:3800/CSS/home.css" "Mozilla/5.0 (Windows NT 10.0; Win64; x64) AppleWebKit/537.36 (KHTML, like Gecko) Chrome/98.0.4758.102 Safari/537.36"
::1 - - [04/Mar/2022:12:55:59 +0000] "POST /delete/info HTTP/1.1" 302 88 "http://localhost:3800/" "Mozilla/5.0 (Windows NT 10.0; Win64; x64) AppleWebKit/537.36 (KHTML, like Gecko) Chrome/98.0.4758.102 Safari/537.36"
::1 - - [04/Mar/2022:12:55:59 +0000] "GET / HTTP/1.1" 200 5453 "http://localhost:3800/" "Mozilla/5.0 (Windows NT 10.0; Win64; x64) AppleWebKit/537.36 (KHTML, like Gecko) Chrome/98.0.4758.102 Safari/537.36"
::1 - - [04/Mar/2022:12:55:59 +0000] "GET /JS/home.js HTTP/1.1" 304 - "http://localhost:3800/" "Mozilla/5.0 (Windows NT 10.0; Win64; x64) AppleWebKit/537.36 (KHTML, like Gecko) Chrome/98.0.4758.102 Safari/537.36"
::1 - - [04/Mar/2022:12:55:59 +0000] "GET /CSS/home.css HTTP/1.1" 200 - "http://localhost:3800/" "Mozilla/5.0 (Windows NT 10.0; Win64; x64) AppleWebKit/537.36 (KHTML, like Gecko) Chrome/98.0.4758.102 Safari/537.36"
::1 - - [04/Mar/2022:12:55:59 +0000] "GET /Images/Todo.jpg HTTP/1.1" 304 - "http://localhost:3800/CSS/home.css" "Mozilla/5.0 (Windows NT 10.0; Win64; x64) AppleWebKit/537.36 (KHTML, like Gecko) Chrome/98.0.4758.102 Safari/537.36"
::1 - - [04/Mar/2022:12:56:10 +0000] "POST /add/info HTTP/1.1" 302 88 "http://localhost:3800/" "Mozilla/5.0 (Windows NT 10.0; Win64; x64) AppleWebKit/537.36 (KHTML, like Gecko) Chrome/98.0.4758.102 Safari/537.36"
::1 - - [04/Mar/2022:12:56:10 +0000] "GET / HTTP/1.1" 200 6742 "http://localhost:3800/" "Mozilla/5.0 (Windows NT 10.0; Win64; x64) AppleWebKit/537.36 (KHTML, like Gecko) Chrome/98.0.4758.102 Safari/537.36"
::1 - - [04/Mar/2022:12:56:10 +0000] "GET /JS/home.js HTTP/1.1" 304 - "http://localhost:3800/" "Mozilla/5.0 (Windows NT 10.0; Win64; x64) AppleWebKit/537.36 (KHTML, like Gecko) Chrome/98.0.4758.102 Safari/537.36"
::1 - - [04/Mar/2022:12:56:10 +0000] "GET /CSS/home.css HTTP/1.1" 200 3998 "http://localhost:3800/" "Mozilla/5.0 (Windows NT 10.0; Win64; x64) AppleWebKit/537.36 (KHTML, like Gecko) Chrome/98.0.4758.102 Safari/537.36"
::1 - - [04/Mar/2022:12:56:10 +0000] "GET /Images/Todo.jpg HTTP/1.1" 304 - "http://localhost:3800/CSS/home.css" "Mozilla/5.0 (Windows NT 10.0; Win64; x64) AppleWebKit/537.36 (KHTML, like Gecko) Chrome/98.0.4758.102 Safari/537.36"
::1 - - [04/Mar/2022:12:56:39 +0000] "POST /add/info HTTP/1.1" 302 88 "http://localhost:3800/" "Mozilla/5.0 (Windows NT 10.0; Win64; x64) AppleWebKit/537.36 (KHTML, like Gecko) Chrome/98.0.4758.102 Safari/537.36"
::1 - - [04/Mar/2022:12:56:39 +0000] "GET / HTTP/1.1" 200 8030 "http://localhost:3800/" "Mozilla/5.0 (Windows NT 10.0; Win64; x64) AppleWebKit/537.36 (KHTML, like Gecko) Chrome/98.0.4758.102 Safari/537.36"
::1 - - [04/Mar/2022:12:56:39 +0000] "GET /JS/home.js HTTP/1.1" 304 - "http://localhost:3800/" "Mozilla/5.0 (Windows NT 10.0; Win64; x64) AppleWebKit/537.36 (KHTML, like Gecko) Chrome/98.0.4758.102 Safari/537.36"
::1 - - [04/Mar/2022:12:56:39 +0000] "GET /CSS/home.css HTTP/1.1" 200 - "http://localhost:3800/" "Mozilla/5.0 (Windows NT 10.0; Win64; x64) AppleWebKit/537.36 (KHTML, like Gecko) Chrome/98.0.4758.102 Safari/537.36"
::1 - - [04/Mar/2022:12:56:39 +0000] "GET /Images/Todo.jpg HTTP/1.1" 304 - "http://localhost:3800/CSS/home.css" "Mozilla/5.0 (Windows NT 10.0; Win64; x64) AppleWebKit/537.36 (KHTML, like Gecko) Chrome/98.0.4758.102 Safari/537.36"
::1 - - [04/Mar/2022:13:00:13 +0000] "GET / HTTP/1.1" 304 - "http://localhost:3800/" "Mozilla/5.0 (Windows NT 10.0; Win64; x64) AppleWebKit/537.36 (KHTML, like Gecko) Chrome/98.0.4758.102 Safari/537.36"
::1 - - [04/Mar/2022:13:00:13 +0000] "GET /JS/home.js HTTP/1.1" 304 - "http://localhost:3800/" "Mozilla/5.0 (Windows NT 10.0; Win64; x64) AppleWebKit/537.36 (KHTML, like Gecko) Chrome/98.0.4758.102 Safari/537.36"
::1 - - [04/Mar/2022:13:00:13 +0000] "GET /CSS/home.css HTTP/1.1" 200 - "http://localhost:3800/" "Mozilla/5.0 (Windows NT 10.0; Win64; x64) AppleWebKit/537.36 (KHTML, like Gecko) Chrome/98.0.4758.102 Safari/537.36"
::1 - - [04/Mar/2022:13:00:13 +0000] "GET /Images/Todo.jpg HTTP/1.1" 304 - "http://localhost:3800/CSS/home.css" "Mozilla/5.0 (Windows NT 10.0; Win64; x64) AppleWebKit/537.36 (KHTML, like Gecko) Chrome/98.0.4758.102 Safari/537.36"
::1 - - [04/Mar/2022:13:00:23 +0000] "POST /add/info HTTP/1.1" 302 88 "http://localhost:3800/" "Mozilla/5.0 (Windows NT 10.0; Win64; x64) AppleWebKit/537.36 (KHTML, like Gecko) Chrome/98.0.4758.102 Safari/537.36"
::1 - - [04/Mar/2022:13:00:23 +0000] "GET / HTTP/1.1" 200 9296 "http://localhost:3800/" "Mozilla/5.0 (Windows NT 10.0; Win64; x64) AppleWebKit/537.36 (KHTML, like Gecko) Chrome/98.0.4758.102 Safari/537.36"
::1 - - [04/Mar/2022:13:00:23 +0000] "GET /JS/home.js HTTP/1.1" 304 - "http://localhost:3800/" "Mozilla/5.0 (Windows NT 10.0; Win64; x64) AppleWebKit/537.36 (KHTML, like Gecko) Chrome/98.0.4758.102 Safari/537.36"
::1 - - [04/Mar/2022:13:00:23 +0000] "GET /CSS/home.css HTTP/1.1" 200 3998 "http://localhost:3800/" "Mozilla/5.0 (Windows NT 10.0; Win64; x64) AppleWebKit/537.36 (KHTML, like Gecko) Chrome/98.0.4758.102 Safari/537.36"
::1 - - [04/Mar/2022:13:00:23 +0000] "GET /Images/Todo.jpg HTTP/1.1" 304 - "http://localhost:3800/CSS/home.css" "Mozilla/5.0 (Windows NT 10.0; Win64; x64) AppleWebKit/537.36 (KHTML, like Gecko) Chrome/98.0.4758.102 Safari/537.36"
::1 - - [04/Mar/2022:13:05:33 +0000] "POST /delete/info HTTP/1.1" 302 88 "http://localhost:3800/" "Mozilla/5.0 (Windows NT 10.0; Win64; x64) AppleWebKit/537.36 (KHTML, like Gecko) Chrome/98.0.4758.102 Safari/537.36"
::1 - - [04/Mar/2022:13:05:33 +0000] "GET / HTTP/1.1" 200 5453 "http://localhost:3800/" "Mozilla/5.0 (Windows NT 10.0; Win64; x64) AppleWebKit/537.36 (KHTML, like Gecko) Chrome/98.0.4758.102 Safari/537.36"
::1 - - [04/Mar/2022:13:05:33 +0000] "GET /JS/home.js HTTP/1.1" 304 - "http://localhost:3800/" "Mozilla/5.0 (Windows NT 10.0; Win64; x64) AppleWebKit/537.36 (KHTML, like Gecko) Chrome/98.0.4758.102 Safari/537.36"
::1 - - [04/Mar/2022:13:05:33 +0000] "GET /CSS/home.css HTTP/1.1" 200 - "http://localhost:3800/" "Mozilla/5.0 (Windows NT 10.0; Win64; x64) AppleWebKit/537.36 (KHTML, like Gecko) Chrome/98.0.4758.102 Safari/537.36"
::1 - - [04/Mar/2022:13:05:33 +0000] "GET /Images/Todo.jpg HTTP/1.1" 304 - "http://localhost:3800/CSS/home.css" "Mozilla/5.0 (Windows NT 10.0; Win64; x64) AppleWebKit/537.36 (KHTML, like Gecko) Chrome/98.0.4758.102 Safari/537.36"
::1 - - [04/Mar/2022:13:05:41 +0000] "POST /add/info HTTP/1.1" 302 88 "http://localhost:3800/" "Mozilla/5.0 (Windows NT 10.0; Win64; x64) AppleWebKit/537.36 (KHTML, like Gecko) Chrome/98.0.4758.102 Safari/537.36"
::1 - - [04/Mar/2022:13:05:42 +0000] "GET / HTTP/1.1" 200 6746 "http://localhost:3800/" "Mozilla/5.0 (Windows NT 10.0; Win64; x64) AppleWebKit/537.36 (KHTML, like Gecko) Chrome/98.0.4758.102 Safari/537.36"
::1 - - [04/Mar/2022:13:05:42 +0000] "GET /JS/home.js HTTP/1.1" 304 - "http://localhost:3800/" "Mozilla/5.0 (Windows NT 10.0; Win64; x64) AppleWebKit/537.36 (KHTML, like Gecko) Chrome/98.0.4758.102 Safari/537.36"
::1 - - [04/Mar/2022:13:05:42 +0000] "GET /CSS/home.css HTTP/1.1" 200 3998 "http://localhost:3800/" "Mozilla/5.0 (Windows NT 10.0; Win64; x64) AppleWebKit/537.36 (KHTML, like Gecko) Chrome/98.0.4758.102 Safari/537.36"
::1 - - [04/Mar/2022:13:05:42 +0000] "GET /Images/Todo.jpg HTTP/1.1" 304 - "http://localhost:3800/CSS/home.css" "Mozilla/5.0 (Windows NT 10.0; Win64; x64) AppleWebKit/537.36 (KHTML, like Gecko) Chrome/98.0.4758.102 Safari/537.36"
::1 - - [04/Mar/2022:13:15:31 +0000] "GET / HTTP/1.1" 304 - "http://localhost:3800/" "Mozilla/5.0 (Windows NT 10.0; Win64; x64) AppleWebKit/537.36 (KHTML, like Gecko) Chrome/98.0.4758.102 Safari/537.36"
::1 - - [04/Mar/2022:13:15:31 +0000] "GET /JS/home.js HTTP/1.1" 304 - "http://localhost:3800/" "Mozilla/5.0 (Windows NT 10.0; Win64; x64) AppleWebKit/537.36 (KHTML, like Gecko) Chrome/98.0.4758.102 Safari/537.36"
::1 - - [04/Mar/2022:13:15:31 +0000] "GET /CSS/home.css HTTP/1.1" 200 - "http://localhost:3800/" "Mozilla/5.0 (Windows NT 10.0; Win64; x64) AppleWebKit/537.36 (KHTML, like Gecko) Chrome/98.0.4758.102 Safari/537.36"
::1 - - [04/Mar/2022:13:15:31 +0000] "GET /Images/Todo.jpg HTTP/1.1" 304 - "http://localhost:3800/CSS/home.css" "Mozilla/5.0 (Windows NT 10.0; Win64; x64) AppleWebKit/537.36 (KHTML, like Gecko) Chrome/98.0.4758.102 Safari/537.36"
::1 - - [04/Mar/2022:13:15:43 +0000] "POST /add/info HTTP/1.1" 302 88 "http://localhost:3800/" "Mozilla/5.0 (Windows NT 10.0; Win64; x64) AppleWebKit/537.36 (KHTML, like Gecko) Chrome/98.0.4758.102 Safari/537.36"
::1 - - [04/Mar/2022:13:15:43 +0000] "GET / HTTP/1.1" 200 8034 "http://localhost:3800/" "Mozilla/5.0 (Windows NT 10.0; Win64; x64) AppleWebKit/537.36 (KHTML, like Gecko) Chrome/98.0.4758.102 Safari/537.36"
::1 - - [04/Mar/2022:13:15:43 +0000] "GET /JS/home.js HTTP/1.1" 304 - "http://localhost:3800/" "Mozilla/5.0 (Windows NT 10.0; Win64; x64) AppleWebKit/537.36 (KHTML, like Gecko) Chrome/98.0.4758.102 Safari/537.36"
::1 - - [04/Mar/2022:13:15:43 +0000] "GET /CSS/home.css HTTP/1.1" 200 3998 "http://localhost:3800/" "Mozilla/5.0 (Windows NT 10.0; Win64; x64) AppleWebKit/537.36 (KHTML, like Gecko) Chrome/98.0.4758.102 Safari/537.36"
::1 - - [04/Mar/2022:13:15:43 +0000] "GET /Images/Todo.jpg HTTP/1.1" 304 - "http://localhost:3800/CSS/home.css" "Mozilla/5.0 (Windows NT 10.0; Win64; x64) AppleWebKit/537.36 (KHTML, like Gecko) Chrome/98.0.4758.102 Safari/537.36"
::1 - - [04/Mar/2022:13:16:00 +0000] "GET / HTTP/1.1" 304 - "http://localhost:3800/" "Mozilla/5.0 (Windows NT 10.0; Win64; x64) AppleWebKit/537.36 (KHTML, like Gecko) Chrome/98.0.4758.102 Safari/537.36"
::1 - - [04/Mar/2022:13:16:00 +0000] "GET /JS/home.js HTTP/1.1" 304 - "http://localhost:3800/" "Mozilla/5.0 (Windows NT 10.0; Win64; x64) AppleWebKit/537.36 (KHTML, like Gecko) Chrome/98.0.4758.102 Safari/537.36"
::1 - - [04/Mar/2022:13:16:00 +0000] "GET /CSS/home.css HTTP/1.1" 200 - "http://localhost:3800/" "Mozilla/5.0 (Windows NT 10.0; Win64; x64) AppleWebKit/537.36 (KHTML, like Gecko) Chrome/98.0.4758.102 Safari/537.36"
::1 - - [04/Mar/2022:13:16:00 +0000] "GET /Images/Todo.jpg HTTP/1.1" 304 - "http://localhost:3800/CSS/home.css" "Mozilla/5.0 (Windows NT 10.0; Win64; x64) AppleWebKit/537.36 (KHTML, like Gecko) Chrome/98.0.4758.102 Safari/537.36"
::1 - - [04/Mar/2022:13:16:09 +0000] "POST /add/info HTTP/1.1" 302 88 "http://localhost:3800/" "Mozilla/5.0 (Windows NT 10.0; Win64; x64) AppleWebKit/537.36 (KHTML, like Gecko) Chrome/98.0.4758.102 Safari/537.36"
::1 - - [04/Mar/2022:13:16:09 +0000] "GET / HTTP/1.1" 200 9322 "http://localhost:3800/" "Mozilla/5.0 (Windows NT 10.0; Win64; x64) AppleWebKit/537.36 (KHTML, like Gecko) Chrome/98.0.4758.102 Safari/537.36"
::1 - - [04/Mar/2022:13:16:09 +0000] "GET /JS/home.js HTTP/1.1" 304 - "http://localhost:3800/" "Mozilla/5.0 (Windows NT 10.0; Win64; x64) AppleWebKit/537.36 (KHTML, like Gecko) Chrome/98.0.4758.102 Safari/537.36"
::1 - - [04/Mar/2022:13:16:09 +0000] "GET /CSS/home.css HTTP/1.1" 200 3998 "http://localhost:3800/" "Mozilla/5.0 (Windows NT 10.0; Win64; x64) AppleWebKit/537.36 (KHTML, like Gecko) Chrome/98.0.4758.102 Safari/537.36"
::1 - - [04/Mar/2022:13:16:09 +0000] "GET /Images/Todo.jpg HTTP/1.1" 304 - "http://localhost:3800/CSS/home.css" "Mozilla/5.0 (Windows NT 10.0; Win64; x64) AppleWebKit/537.36 (KHTML, like Gecko) Chrome/98.0.4758.102 Safari/537.36"
::1 - - [04/Mar/2022:13:16:45 +0000] "GET / HTTP/1.1" 304 - "http://localhost:3800/" "Mozilla/5.0 (Windows NT 10.0; Win64; x64) AppleWebKit/537.36 (KHTML, like Gecko) Chrome/98.0.4758.102 Safari/537.36"
::1 - - [04/Mar/2022:13:16:45 +0000] "GET /JS/home.js HTTP/1.1" 304 - "http://localhost:3800/" "Mozilla/5.0 (Windows NT 10.0; Win64; x64) AppleWebKit/537.36 (KHTML, like Gecko) Chrome/98.0.4758.102 Safari/537.36"
::1 - - [04/Mar/2022:13:16:45 +0000] "GET /CSS/home.css HTTP/1.1" 200 - "http://localhost:3800/" "Mozilla/5.0 (Windows NT 10.0; Win64; x64) AppleWebKit/537.36 (KHTML, like Gecko) Chrome/98.0.4758.102 Safari/537.36"
::1 - - [04/Mar/2022:13:16:45 +0000] "GET /Images/Todo.jpg HTTP/1.1" 304 - "http://localhost:3800/CSS/home.css" "Mozilla/5.0 (Windows NT 10.0; Win64; x64) AppleWebKit/537.36 (KHTML, like Gecko) Chrome/98.0.4758.102 Safari/537.36"
::1 - - [04/Mar/2022:13:16:50 +0000] "POST /delete/info HTTP/1.1" 302 88 "http://localhost:3800/" "Mozilla/5.0 (Windows NT 10.0; Win64; x64) AppleWebKit/537.36 (KHTML, like Gecko) Chrome/98.0.4758.102 Safari/537.36"
::1 - - [04/Mar/2022:13:16:50 +0000] "GET / HTTP/1.1" 200 5453 "http://localhost:3800/" "Mozilla/5.0 (Windows NT 10.0; Win64; x64) AppleWebKit/537.36 (KHTML, like Gecko) Chrome/98.0.4758.102 Safari/537.36"
::1 - - [04/Mar/2022:13:16:50 +0000] "GET /JS/home.js HTTP/1.1" 304 - "http://localhost:3800/" "Mozilla/5.0 (Windows NT 10.0; Win64; x64) AppleWebKit/537.36 (KHTML, like Gecko) Chrome/98.0.4758.102 Safari/537.36"
::1 - - [04/Mar/2022:13:16:50 +0000] "GET /CSS/home.css HTTP/1.1" 200 3998 "http://localhost:3800/" "Mozilla/5.0 (Windows NT 10.0; Win64; x64) AppleWebKit/537.36 (KHTML, like Gecko) Chrome/98.0.4758.102 Safari/537.36"
::1 - - [04/Mar/2022:13:16:50 +0000] "GET /Images/Todo.jpg HTTP/1.1" 304 - "http://localhost:3800/CSS/home.css" "Mozilla/5.0 (Windows NT 10.0; Win64; x64) AppleWebKit/537.36 (KHTML, like Gecko) Chrome/98.0.4758.102 Safari/537.36"
::1 - - [04/Mar/2022:13:16:59 +0000] "POST /add/info HTTP/1.1" 302 88 "http://localhost:3800/" "Mozilla/5.0 (Windows NT 10.0; Win64; x64) AppleWebKit/537.36 (KHTML, like Gecko) Chrome/98.0.4758.102 Safari/537.36"
::1 - - [04/Mar/2022:13:16:59 +0000] "GET / HTTP/1.1" 200 6719 "http://localhost:3800/" "Mozilla/5.0 (Windows NT 10.0; Win64; x64) AppleWebKit/537.36 (KHTML, like Gecko) Chrome/98.0.4758.102 Safari/537.36"
::1 - - [04/Mar/2022:13:16:59 +0000] "GET /JS/home.js HTTP/1.1" 304 - "http://localhost:3800/" "Mozilla/5.0 (Windows NT 10.0; Win64; x64) AppleWebKit/537.36 (KHTML, like Gecko) Chrome/98.0.4758.102 Safari/537.36"
::1 - - [04/Mar/2022:13:16:59 +0000] "GET /CSS/home.css HTTP/1.1" 304 - "http://localhost:3800/" "Mozilla/5.0 (Windows NT 10.0; Win64; x64) AppleWebKit/537.36 (KHTML, like Gecko) Chrome/98.0.4758.102 Safari/537.36"
::1 - - [04/Mar/2022:13:16:59 +0000] "GET /Images/Todo.jpg HTTP/1.1" 304 - "http://localhost:3800/CSS/home.css" "Mozilla/5.0 (Windows NT 10.0; Win64; x64) AppleWebKit/537.36 (KHTML, like Gecko) Chrome/98.0.4758.102 Safari/537.36"
::1 - - [04/Mar/2022:13:17:53 +0000] "GET / HTTP/1.1" 304 - "http://localhost:3800/" "Mozilla/5.0 (Windows NT 10.0; Win64; x64) AppleWebKit/537.36 (KHTML, like Gecko) Chrome/98.0.4758.102 Safari/537.36"
::1 - - [04/Mar/2022:13:17:53 +0000] "GET /JS/home.js HTTP/1.1" 304 - "http://localhost:3800/" "Mozilla/5.0 (Windows NT 10.0; Win64; x64) AppleWebKit/537.36 (KHTML, like Gecko) Chrome/98.0.4758.102 Safari/537.36"
::1 - - [04/Mar/2022:13:17:53 +0000] "GET /CSS/home.css HTTP/1.1" 304 - "http://localhost:3800/" "Mozilla/5.0 (Windows NT 10.0; Win64; x64) AppleWebKit/537.36 (KHTML, like Gecko) Chrome/98.0.4758.102 Safari/537.36"
::1 - - [04/Mar/2022:13:17:53 +0000] "GET /Images/Todo.jpg HTTP/1.1" 304 - "http://localhost:3800/CSS/home.css" "Mozilla/5.0 (Windows NT 10.0; Win64; x64) AppleWebKit/537.36 (KHTML, like Gecko) Chrome/98.0.4758.102 Safari/537.36"
::1 - - [04/Mar/2022:13:18:02 +0000] "POST /add/info HTTP/1.1" 302 88 "http://localhost:3800/" "Mozilla/5.0 (Windows NT 10.0; Win64; x64) AppleWebKit/537.36 (KHTML, like Gecko) Chrome/98.0.4758.102 Safari/537.36"
::1 - - [04/Mar/2022:13:18:02 +0000] "GET / HTTP/1.1" 200 8008 "http://localhost:3800/" "Mozilla/5.0 (Windows NT 10.0; Win64; x64) AppleWebKit/537.36 (KHTML, like Gecko) Chrome/98.0.4758.102 Safari/537.36"
::1 - - [04/Mar/2022:13:18:02 +0000] "GET /JS/home.js HTTP/1.1" 304 - "http://localhost:3800/" "Mozilla/5.0 (Windows NT 10.0; Win64; x64) AppleWebKit/537.36 (KHTML, like Gecko) Chrome/98.0.4758.102 Safari/537.36"
::1 - - [04/Mar/2022:13:18:02 +0000] "GET /CSS/home.css HTTP/1.1" 304 - "http://localhost:3800/" "Mozilla/5.0 (Windows NT 10.0; Win64; x64) AppleWebKit/537.36 (KHTML, like Gecko) Chrome/98.0.4758.102 Safari/537.36"
::1 - - [04/Mar/2022:13:18:02 +0000] "GET /Images/Todo.jpg HTTP/1.1" 304 - "http://localhost:3800/CSS/home.css" "Mozilla/5.0 (Windows NT 10.0; Win64; x64) AppleWebKit/537.36 (KHTML, like Gecko) Chrome/98.0.4758.102 Safari/537.36"
::1 - - [04/Mar/2022:13:27:08 +0000] "GET / HTTP/1.1" 304 - "http://localhost:3800/" "Mozilla/5.0 (Windows NT 10.0; Win64; x64) AppleWebKit/537.36 (KHTML, like Gecko) Chrome/98.0.4758.102 Safari/537.36"
::1 - - [04/Mar/2022:13:27:09 +0000] "GET /JS/home.js HTTP/1.1" 304 - "http://localhost:3800/" "Mozilla/5.0 (Windows NT 10.0; Win64; x64) AppleWebKit/537.36 (KHTML, like Gecko) Chrome/98.0.4758.102 Safari/537.36"
::1 - - [04/Mar/2022:13:27:09 +0000] "GET /CSS/home.css HTTP/1.1" 200 - "http://localhost:3800/" "Mozilla/5.0 (Windows NT 10.0; Win64; x64) AppleWebKit/537.36 (KHTML, like Gecko) Chrome/98.0.4758.102 Safari/537.36"
::1 - - [04/Mar/2022:13:27:09 +0000] "GET /Images/Todo.jpg HTTP/1.1" 304 - "http://localhost:3800/CSS/home.css" "Mozilla/5.0 (Windows NT 10.0; Win64; x64) AppleWebKit/537.36 (KHTML, like Gecko) Chrome/98.0.4758.102 Safari/537.36"
::1 - - [04/Mar/2022:13:27:18 +0000] "POST /add/info HTTP/1.1" 302 88 "http://localhost:3800/" "Mozilla/5.0 (Windows NT 10.0; Win64; x64) AppleWebKit/537.36 (KHTML, like Gecko) Chrome/98.0.4758.102 Safari/537.36"
::1 - - [04/Mar/2022:13:27:18 +0000] "GET / HTTP/1.1" 200 9296 "http://localhost:3800/" "Mozilla/5.0 (Windows NT 10.0; Win64; x64) AppleWebKit/537.36 (KHTML, like Gecko) Chrome/98.0.4758.102 Safari/537.36"
::1 - - [04/Mar/2022:13:27:18 +0000] "GET /JS/home.js HTTP/1.1" 304 - "http://localhost:3800/" "Mozilla/5.0 (Windows NT 10.0; Win64; x64) AppleWebKit/537.36 (KHTML, like Gecko) Chrome/98.0.4758.102 Safari/537.36"
::1 - - [04/Mar/2022:13:27:18 +0000] "GET /CSS/home.css HTTP/1.1" 200 3998 "http://localhost:3800/" "Mozilla/5.0 (Windows NT 10.0; Win64; x64) AppleWebKit/537.36 (KHTML, like Gecko) Chrome/98.0.4758.102 Safari/537.36"
::1 - - [04/Mar/2022:13:27:18 +0000] "GET /Images/Todo.jpg HTTP/1.1" 304 - "http://localhost:3800/CSS/home.css" "Mozilla/5.0 (Windows NT 10.0; Win64; x64) AppleWebKit/537.36 (KHTML, like Gecko) Chrome/98.0.4758.102 Safari/537.36"
::1 - - [04/Mar/2022:13:29:05 +0000] "GET / HTTP/1.1" 304 - "http://localhost:3800/" "Mozilla/5.0 (Windows NT 10.0; Win64; x64) AppleWebKit/537.36 (KHTML, like Gecko) Chrome/98.0.4758.102 Safari/537.36"
::1 - - [04/Mar/2022:13:29:05 +0000] "GET /JS/home.js HTTP/1.1" 304 - "http://localhost:3800/" "Mozilla/5.0 (Windows NT 10.0; Win64; x64) AppleWebKit/537.36 (KHTML, like Gecko) Chrome/98.0.4758.102 Safari/537.36"
::1 - - [04/Mar/2022:13:29:05 +0000] "GET /CSS/home.css HTTP/1.1" 200 - "http://localhost:3800/" "Mozilla/5.0 (Windows NT 10.0; Win64; x64) AppleWebKit/537.36 (KHTML, like Gecko) Chrome/98.0.4758.102 Safari/537.36"
::1 - - [04/Mar/2022:13:29:05 +0000] "GET /Images/Todo.jpg HTTP/1.1" 304 - "http://localhost:3800/CSS/home.css" "Mozilla/5.0 (Windows NT 10.0; Win64; x64) AppleWebKit/537.36 (KHTML, like Gecko) Chrome/98.0.4758.102 Safari/537.36"
::1 - - [04/Mar/2022:13:29:15 +0000] "POST /add/info HTTP/1.1" 302 88 "http://localhost:3800/" "Mozilla/5.0 (Windows NT 10.0; Win64; x64) AppleWebKit/537.36 (KHTML, like Gecko) Chrome/98.0.4758.102 Safari/537.36"
::1 - - [04/Mar/2022:13:29:15 +0000] "GET / HTTP/1.1" 200 10564 "http://localhost:3800/" "Mozilla/5.0 (Windows NT 10.0; Win64; x64) AppleWebKit/537.36 (KHTML, like Gecko) Chrome/98.0.4758.102 Safari/537.36"
::1 - - [04/Mar/2022:13:29:15 +0000] "GET /JS/home.js HTTP/1.1" 304 - "http://localhost:3800/" "Mozilla/5.0 (Windows NT 10.0; Win64; x64) AppleWebKit/537.36 (KHTML, like Gecko) Chrome/98.0.4758.102 Safari/537.36"
::1 - - [04/Mar/2022:13:29:15 +0000] "GET /CSS/home.css HTTP/1.1" 200 3998 "http://localhost:3800/" "Mozilla/5.0 (Windows NT 10.0; Win64; x64) AppleWebKit/537.36 (KHTML, like Gecko) Chrome/98.0.4758.102 Safari/537.36"
::1 - - [04/Mar/2022:13:29:15 +0000] "GET /Images/Todo.jpg HTTP/1.1" 304 - "http://localhost:3800/CSS/home.css" "Mozilla/5.0 (Windows NT 10.0; Win64; x64) AppleWebKit/537.36 (KHTML, like Gecko) Chrome/98.0.4758.102 Safari/537.36"
::1 - - [04/Mar/2022:13:29:45 +0000] "GET / HTTP/1.1" 304 - "http://localhost:3800/" "Mozilla/5.0 (Windows NT 10.0; Win64; x64) AppleWebKit/537.36 (KHTML, like Gecko) Chrome/98.0.4758.102 Safari/537.36"
::1 - - [04/Mar/2022:13:29:45 +0000] "GET /JS/home.js HTTP/1.1" 304 - "http://localhost:3800/" "Mozilla/5.0 (Windows NT 10.0; Win64; x64) AppleWebKit/537.36 (KHTML, like Gecko) Chrome/98.0.4758.102 Safari/537.36"
::1 - - [04/Mar/2022:13:29:45 +0000] "GET /CSS/home.css HTTP/1.1" 200 - "http://localhost:3800/" "Mozilla/5.0 (Windows NT 10.0; Win64; x64) AppleWebKit/537.36 (KHTML, like Gecko) Chrome/98.0.4758.102 Safari/537.36"
::1 - - [04/Mar/2022:13:29:45 +0000] "GET /Images/Todo.jpg HTTP/1.1" 304 - "http://localhost:3800/CSS/home.css" "Mozilla/5.0 (Windows NT 10.0; Win64; x64) AppleWebKit/537.36 (KHTML, like Gecko) Chrome/98.0.4758.102 Safari/537.36"
::1 - - [04/Mar/2022:13:29:57 +0000] "POST /add/info HTTP/1.1" 302 88 "http://localhost:3800/" "Mozilla/5.0 (Windows NT 10.0; Win64; x64) AppleWebKit/537.36 (KHTML, like Gecko) Chrome/98.0.4758.102 Safari/537.36"
::1 - - [04/Mar/2022:13:29:57 +0000] "GET / HTTP/1.1" 200 11858 "http://localhost:3800/" "Mozilla/5.0 (Windows NT 10.0; Win64; x64) AppleWebKit/537.36 (KHTML, like Gecko) Chrome/98.0.4758.102 Safari/537.36"
::1 - - [04/Mar/2022:13:29:57 +0000] "GET /JS/home.js HTTP/1.1" 304 - "http://localhost:3800/" "Mozilla/5.0 (Windows NT 10.0; Win64; x64) AppleWebKit/537.36 (KHTML, like Gecko) Chrome/98.0.4758.102 Safari/537.36"
::1 - - [04/Mar/2022:13:29:57 +0000] "GET /CSS/home.css HTTP/1.1" 200 3998 "http://localhost:3800/" "Mozilla/5.0 (Windows NT 10.0; Win64; x64) AppleWebKit/537.36 (KHTML, like Gecko) Chrome/98.0.4758.102 Safari/537.36"
::1 - - [04/Mar/2022:13:29:57 +0000] "GET /Images/Todo.jpg HTTP/1.1" 304 - "http://localhost:3800/CSS/home.css" "Mozilla/5.0 (Windows NT 10.0; Win64; x64) AppleWebKit/537.36 (KHTML, like Gecko) Chrome/98.0.4758.102 Safari/537.36"
